<?xml version="1.0" encoding="UTF-8"?>
<TestRun id="904f60ca-b30d-4e4f-8fc3-86aa520809a9" name="Student@10266A-GEN-DEV 2022-06-15 02:20:32" runUser="10266A-GEN-DEV\Student" xmlns="http://microsoft.com/schemas/VisualStudio/TeamTest/2010">
  <TestSettings name="Local" id="1ef29e91-e135-4eb5-9002-25401c6e16cd">
    <Description>These are default test settings for a local test run.</Description>
    <Deployment enabled="false" runDeploymentRoot="Student_10266A-GEN-DEV 2022-06-15 02_20_32">
      <DeploymentItem filename="E:\Labfiles\Lab 5\Ex2\Starter\FileEditorXML\bin\Debug\FileEditorXML.exe" />
    </Deployment>
    <Execution>
      <TestTypeSpecific />
      <AgentRule name="Execution Agents">
      </AgentRule>
    </Execution>
  </TestSettings>
  <Times creation="2022-06-15T02:20:32.1489608-07:00" queuing="2022-06-15T02:20:32.6772811-07:00" start="2022-06-15T02:20:32.7182968-07:00" finish="2022-06-15T02:20:33.0542343-07:00" />
  <ResultSummary outcome="Completed">
    <Counters total="2" executed="2" passed="2" error="0" failed="0" timeout="0" aborted="0" inconclusive="0" passedButRunAborted="0" notRunnable="0" notExecuted="0" disconnected="0" warning="0" completed="0" inProgress="0" pending="0" />
  </ResultSummary>
  <TestDefinitions>
    <UnitTest name="ReadAndFilterTextFileContentsTest" storage="e:\labfiles\lab 5\ex2\starter\editor unit test project\bin\debug\module 5 unit test project.dll" id="a899022d-5c16-8a41-38a7-2fd9402116cf">
      <Execution id="49a6d41e-d280-4678-ba7a-06260e6d699f" />
      <TestMethod codeBase="E:/Labfiles/Lab 5/Ex2/Starter/Editor Unit Test Project/bin/Debug/Module 5 Unit Test Project.DLL" adapterTypeName="Microsoft.VisualStudio.TestTools.TestTypes.Unit.UnitTestAdapter, Microsoft.VisualStudio.QualityTools.Tips.UnitTest.Adapter, Version=10.0.0.0, Culture=neutral, PublicKeyToken=b03f5f7f11d50a3a" className="Lab5UnitTests.TextFileOperationsTest, Module 5 Unit Test Project, Version=1.0.0.0, Culture=neutral, PublicKeyToken=null" name="ReadAndFilterTextFileContentsTest" />
    </UnitTest>
    <UnitTest name="WriteTextFileContentsTest1" storage="e:\labfiles\lab 5\ex2\starter\editor unit test project\bin\debug\module 5 unit test project.dll" id="aeed1db2-fd47-7bf7-a72e-4f6538c0a550">
      <Execution id="554b6f59-2d78-45d2-af99-77ce7f5255d6" />
      <TestMethod codeBase="E:/Labfiles/Lab 5/Ex2/Starter/Editor Unit Test Project/bin/Debug/Module 5 Unit Test Project.DLL" adapterTypeName="Microsoft.VisualStudio.TestTools.TestTypes.Unit.UnitTestAdapter, Microsoft.VisualStudio.QualityTools.Tips.UnitTest.Adapter, Version=10.0.0.0, Culture=neutral, PublicKeyToken=b03f5f7f11d50a3a" className="Lab5UnitTests.TextFileOperationsTest, Module 5 Unit Test Project, Version=1.0.0.0, Culture=neutral, PublicKeyToken=null" name="WriteTextFileContentsTest1" />
    </UnitTest>
  </TestDefinitions>
  <TestLists>
    <TestList name="Results Not in a List" id="8c84fa94-04c1-424b-9868-57a2d4851a1d" />
    <TestList name="All Loaded Results" id="19431567-8539-422a-85d7-44ee4e166bda" />
  </TestLists>
  <TestEntries>
    <TestEntry testId="a899022d-5c16-8a41-38a7-2fd9402116cf" executionId="49a6d41e-d280-4678-ba7a-06260e6d699f" testListId="8c84fa94-04c1-424b-9868-57a2d4851a1d" />
    <TestEntry testId="aeed1db2-fd47-7bf7-a72e-4f6538c0a550" executionId="554b6f59-2d78-45d2-af99-77ce7f5255d6" testListId="8c84fa94-04c1-424b-9868-57a2d4851a1d" />
  </TestEntries>
  <Results>
    <UnitTestResult executionId="49a6d41e-d280-4678-ba7a-06260e6d699f" testId="a899022d-5c16-8a41-38a7-2fd9402116cf" testName="ReadAndFilterTextFileContentsTest" computerName="10266A-GEN-DEV" duration="00:00:00.0095375" startTime="2022-06-15T02:20:32.7329452-07:00" endTime="2022-06-15T02:20:32.9761093-07:00" testType="13cdc9d9-ddb5-4fa4-a97d-d965ccfc6d4b" outcome="Passed" testListId="8c84fa94-04c1-424b-9868-57a2d4851a1d" relativeResultsDirectory="49a6d41e-d280-4678-ba7a-06260e6d699f">
    </UnitTestResult>
    <UnitTestResult executionId="554b6f59-2d78-45d2-af99-77ce7f5255d6" testId="aeed1db2-fd47-7bf7-a72e-4f6538c0a550" testName="WriteTextFileContentsTest1" computerName="10266A-GEN-DEV" duration="00:00:00.0005039" startTime="2022-06-15T02:20:33.0063827-07:00" endTime="2022-06-15T02:20:33.0102890-07:00" testType="13cdc9d9-ddb5-4fa4-a97d-d965ccfc6d4b" outcome="Passed" testListId="8c84fa94-04c1-424b-9868-57a2d4851a1d" relativeResultsDirectory="554b6f59-2d78-45d2-af99-77ce7f5255d6">
    </UnitTestResult>
  </Results>
</TestRun>