<?xml version="1.0" encoding="UTF-8"?>
<TestRun id="a878dee5-cfd2-44ba-a625-9297542c727b" name="Student@10266A-GEN-DEV 2022-06-14 05:21:41" runUser="10266A-GEN-DEV\Student" xmlns="http://microsoft.com/schemas/VisualStudio/TeamTest/2010">
  <TestSettings name="Local" id="b8554447-f2d0-4639-aaa6-b8a2ab6aeb70">
    <Description>These are default test settings for a local test run.</Description>
    <Deployment enabled="false" runDeploymentRoot="Student_10266A-GEN-DEV 2022-06-14 05_21_41">
      <DeploymentItem filename="E:\Labfiles\Lab 3\Ex1\Starter\GreatestCommonDivisor\bin\Debug\Module3.exe" />
    </Deployment>
    <Execution>
      <TestTypeSpecific />
      <AgentRule name="Execution Agents">
      </AgentRule>
    </Execution>
  </TestSettings>
  <Times creation="2022-06-14T05:21:41.3882186-07:00" queuing="2022-06-14T05:21:41.7261093-07:00" start="2022-06-14T05:21:41.7485702-07:00" finish="2022-06-14T05:21:41.8852890-07:00" />
  <ResultSummary outcome="Completed">
    <Counters total="1" executed="1" passed="1" error="0" failed="0" timeout="0" aborted="0" inconclusive="0" passedButRunAborted="0" notRunnable="0" notExecuted="0" disconnected="0" warning="0" completed="0" inProgress="0" pending="0" />
  </ResultSummary>
  <TestDefinitions>
    <UnitTest name="FindGCDEuclidTest" storage="e:\labfiles\lab 3\ex1\starter\gcd test\bin\debug\gcd test.dll" id="e4c353c1-3111-e6e3-9d87-57deb3c21e42">
      <Execution id="a52c5367-c9c2-4f2f-aea1-808d9b3a90a9" />
      <TestMethod codeBase="E:/Labfiles/Lab 3/Ex1/Starter/GCD Test/bin/Debug/GCD Test.DLL" adapterTypeName="Microsoft.VisualStudio.TestTools.TestTypes.Unit.UnitTestAdapter, Microsoft.VisualStudio.QualityTools.Tips.UnitTest.Adapter, Version=10.0.0.0, Culture=neutral, PublicKeyToken=b03f5f7f11d50a3a" className="GCD_Test.GCDAlgorithmsTest, GCD Test, Version=1.0.0.0, Culture=neutral, PublicKeyToken=null" name="FindGCDEuclidTest" />
    </UnitTest>
  </TestDefinitions>
  <TestLists>
    <TestList name="Results Not in a List" id="8c84fa94-04c1-424b-9868-57a2d4851a1d" />
    <TestList name="All Loaded Results" id="19431567-8539-422a-85d7-44ee4e166bda" />
  </TestLists>
  <TestEntries>
    <TestEntry testId="e4c353c1-3111-e6e3-9d87-57deb3c21e42" executionId="a52c5367-c9c2-4f2f-aea1-808d9b3a90a9" testListId="8c84fa94-04c1-424b-9868-57a2d4851a1d" />
  </TestEntries>
  <Results>
    <UnitTestResult executionId="a52c5367-c9c2-4f2f-aea1-808d9b3a90a9" testId="e4c353c1-3111-e6e3-9d87-57deb3c21e42" testName="FindGCDEuclidTest" computerName="10266A-GEN-DEV" duration="00:00:00.0084621" startTime="2022-06-14T05:21:41.7602890-07:00" endTime="2022-06-14T05:21:41.8618515-07:00" testType="13cdc9d9-ddb5-4fa4-a97d-d965ccfc6d4b" outcome="Passed" testListId="8c84fa94-04c1-424b-9868-57a2d4851a1d" relativeResultsDirectory="a52c5367-c9c2-4f2f-aea1-808d9b3a90a9">
    </UnitTestResult>
  </Results>
</TestRun>