<?xml version="1.0" encoding="UTF-8"?>
<TestRun id="7e36e4ca-8d2a-4b27-96fa-939c2ae627b2" name="Student@10266A-GEN-DEV 2022-06-16 01:20:00" runUser="10266A-GEN-DEV\Student" xmlns="http://microsoft.com/schemas/VisualStudio/TeamTest/2010">
  <TestSettings name="Local" id="63150442-023f-4362-ac0f-2805b5a9e2b5">
    <Description>These are default test settings for a local test run.</Description>
    <Deployment enabled="false" runDeploymentRoot="Student_10266A-GEN-DEV 2022-06-16 01_20_00">
      <DeploymentItem filename="E:\Labfiles\Lab 7\Ex2\Starter\StressTest\bin\Debug\StressTest.dll" />
    </Deployment>
    <Execution>
      <TestTypeSpecific />
      <AgentRule name="Execution Agents">
      </AgentRule>
    </Execution>
  </TestSettings>
  <Times creation="2022-06-16T01:20:00.8608749-07:00" queuing="2022-06-16T01:20:00.9536483-07:00" start="2022-06-16T01:20:00.9800155-07:00" finish="2022-06-16T01:20:01.1255233-07:00" />
  <ResultSummary outcome="Completed">
    <Counters total="9" executed="9" passed="9" error="0" failed="0" timeout="0" aborted="0" inconclusive="0" passedButRunAborted="0" notRunnable="0" notExecuted="0" disconnected="0" warning="0" completed="0" inProgress="0" pending="0" />
  </ResultSummary>
  <TestDefinitions>
    <UnitTest name="GetStressTestResultTest1" storage="e:\labfiles\lab 7\ex2\starter\stresstest unit test project\bin\debug\module 7 unit test project.dll" id="dc2ceaab-ef7a-cc9d-2cca-25e168dab36d">
      <Execution id="9f32082b-b574-402b-8638-ae86e621ac73" />
      <TestMethod codeBase="E:/Labfiles/Lab 7/Ex2/Starter/StressTest Unit Test Project/bin/Debug/Module 7 Unit Test Project.DLL" adapterTypeName="Microsoft.VisualStudio.TestTools.TestTypes.Unit.UnitTestAdapter, Microsoft.VisualStudio.QualityTools.Tips.UnitTest.Adapter, Version=10.0.0.0, Culture=neutral, PublicKeyToken=b03f5f7f11d50a3a" className="StressTests_Unit_Test_Project.StressTestCaseTest, Module 7 Unit Test Project, Version=1.0.0.0, Culture=neutral, PublicKeyToken=null" name="GetStressTestResultTest1" />
    </UnitTest>
    <UnitTest name="IncrementTestsTest" storage="e:\labfiles\lab 7\ex2\starter\stresstest unit test project\bin\debug\module 7 unit test project.dll" id="b0bbc1cd-3a19-4e77-46f6-513c8c6c7a78">
      <Execution id="31e8f4fa-e782-4597-b568-28057f6ea05e" />
      <TestMethod codeBase="E:/Labfiles/Lab 7/Ex2/Starter/StressTest Unit Test Project/bin/Debug/Module 7 Unit Test Project.DLL" adapterTypeName="Microsoft.VisualStudio.TestTools.TestTypes.Unit.UnitTestAdapter, Microsoft.VisualStudio.QualityTools.Tips.UnitTest.Adapter, Version=10.0.0.0, Culture=neutral, PublicKeyToken=b03f5f7f11d50a3a" className="StressTests_Unit_Test_Project.StressTestCase_TestStatisticsTest, Module 7 Unit Test Project, Version=1.0.0.0, Culture=neutral, PublicKeyToken=null" name="IncrementTestsTest" />
    </UnitTest>
    <UnitTest name="PerformStressTestTest" storage="e:\labfiles\lab 7\ex2\starter\stresstest unit test project\bin\debug\module 7 unit test project.dll" id="70ae57c7-d038-7d7d-6df9-662a9e2eccf2">
      <Execution id="3a0ca2d5-1a80-4477-8067-81885f8e25a2" />
      <TestMethod codeBase="E:/Labfiles/Lab 7/Ex2/Starter/StressTest Unit Test Project/bin/Debug/Module 7 Unit Test Project.DLL" adapterTypeName="Microsoft.VisualStudio.TestTools.TestTypes.Unit.UnitTestAdapter, Microsoft.VisualStudio.QualityTools.Tips.UnitTest.Adapter, Version=10.0.0.0, Culture=neutral, PublicKeyToken=b03f5f7f11d50a3a" className="StressTests_Unit_Test_Project.StressTestCaseTest, Module 7 Unit Test Project, Version=1.0.0.0, Culture=neutral, PublicKeyToken=null" name="PerformStressTestTest" />
    </UnitTest>
    <UnitTest name="GetStressTestResultTest2" storage="e:\labfiles\lab 7\ex2\starter\stresstest unit test project\bin\debug\module 7 unit test project.dll" id="dc3c367e-afcc-bfbf-5de6-7f409a5f19b9">
      <Execution id="9d971c31-23a3-45de-8d14-7bcda48ed960" />
      <TestMethod codeBase="E:/Labfiles/Lab 7/Ex2/Starter/StressTest Unit Test Project/bin/Debug/Module 7 Unit Test Project.DLL" adapterTypeName="Microsoft.VisualStudio.TestTools.TestTypes.Unit.UnitTestAdapter, Microsoft.VisualStudio.QualityTools.Tips.UnitTest.Adapter, Version=10.0.0.0, Culture=neutral, PublicKeyToken=b03f5f7f11d50a3a" className="StressTests_Unit_Test_Project.StressTestCaseTest, Module 7 Unit Test Project, Version=1.0.0.0, Culture=neutral, PublicKeyToken=null" name="GetStressTestResultTest2" />
    </UnitTest>
    <UnitTest name="StressTestCaseConstructorTest1" storage="e:\labfiles\lab 7\ex2\starter\stresstest unit test project\bin\debug\module 7 unit test project.dll" id="f70fc7f2-2889-1a4a-6c2b-231756f3c6d0">
      <Execution id="282cf70f-5bf0-4b0e-85a3-7bcce952cf0d" />
      <TestMethod codeBase="E:/Labfiles/Lab 7/Ex2/Starter/StressTest Unit Test Project/bin/Debug/Module 7 Unit Test Project.DLL" adapterTypeName="Microsoft.VisualStudio.TestTools.TestTypes.Unit.UnitTestAdapter, Microsoft.VisualStudio.QualityTools.Tips.UnitTest.Adapter, Version=10.0.0.0, Culture=neutral, PublicKeyToken=b03f5f7f11d50a3a" className="StressTests_Unit_Test_Project.StressTestCaseTest, Module 7 Unit Test Project, Version=1.0.0.0, Culture=neutral, PublicKeyToken=null" name="StressTestCaseConstructorTest1" />
    </UnitTest>
    <UnitTest name="GetNumberOfFailuresTest" storage="e:\labfiles\lab 7\ex2\starter\stresstest unit test project\bin\debug\module 7 unit test project.dll" id="73880309-9d43-4408-35a2-c1c47dccca49">
      <Execution id="ae15dace-19aa-4315-8d1e-13265f4166b9" />
      <TestMethod codeBase="E:/Labfiles/Lab 7/Ex2/Starter/StressTest Unit Test Project/bin/Debug/Module 7 Unit Test Project.DLL" adapterTypeName="Microsoft.VisualStudio.TestTools.TestTypes.Unit.UnitTestAdapter, Microsoft.VisualStudio.QualityTools.Tips.UnitTest.Adapter, Version=10.0.0.0, Culture=neutral, PublicKeyToken=b03f5f7f11d50a3a" className="StressTests_Unit_Test_Project.StressTestCase_TestStatisticsTest, Module 7 Unit Test Project, Version=1.0.0.0, Culture=neutral, PublicKeyToken=null" name="GetNumberOfFailuresTest" />
    </UnitTest>
    <UnitTest name="ToStringTest" storage="e:\labfiles\lab 7\ex2\starter\stresstest unit test project\bin\debug\module 7 unit test project.dll" id="88dddc01-b6a3-92c3-1d4c-cc8c52876537">
      <Execution id="d728f1fa-f0e1-4e2c-bc74-1c80776c95ce" />
      <TestMethod codeBase="E:/Labfiles/Lab 7/Ex2/Starter/StressTest Unit Test Project/bin/Debug/Module 7 Unit Test Project.DLL" adapterTypeName="Microsoft.VisualStudio.TestTools.TestTypes.Unit.UnitTestAdapter, Microsoft.VisualStudio.QualityTools.Tips.UnitTest.Adapter, Version=10.0.0.0, Culture=neutral, PublicKeyToken=b03f5f7f11d50a3a" className="StressTests_Unit_Test_Project.StressTestCaseTest, Module 7 Unit Test Project, Version=1.0.0.0, Culture=neutral, PublicKeyToken=null" name="ToStringTest" />
    </UnitTest>
    <UnitTest name="GetNumberOfTestsPerformedTest" storage="e:\labfiles\lab 7\ex2\starter\stresstest unit test project\bin\debug\module 7 unit test project.dll" id="5701310d-d264-40e2-ce25-5834e0e15b23">
      <Execution id="589dbdf2-9f6c-4611-8b9f-f820c95e0551" />
      <TestMethod codeBase="E:/Labfiles/Lab 7/Ex2/Starter/StressTest Unit Test Project/bin/Debug/Module 7 Unit Test Project.DLL" adapterTypeName="Microsoft.VisualStudio.TestTools.TestTypes.Unit.UnitTestAdapter, Microsoft.VisualStudio.QualityTools.Tips.UnitTest.Adapter, Version=10.0.0.0, Culture=neutral, PublicKeyToken=b03f5f7f11d50a3a" className="StressTests_Unit_Test_Project.StressTestCase_TestStatisticsTest, Module 7 Unit Test Project, Version=1.0.0.0, Culture=neutral, PublicKeyToken=null" name="GetNumberOfTestsPerformedTest" />
    </UnitTest>
    <UnitTest name="StressTestCaseConstructorTest" storage="e:\labfiles\lab 7\ex2\starter\stresstest unit test project\bin\debug\module 7 unit test project.dll" id="e09a9013-a6fb-3b11-e1ee-b6cfc1f50662">
      <Execution id="45f4a54d-3780-4751-a8ac-9244df1c0179" />
      <TestMethod codeBase="E:/Labfiles/Lab 7/Ex2/Starter/StressTest Unit Test Project/bin/Debug/Module 7 Unit Test Project.DLL" adapterTypeName="Microsoft.VisualStudio.TestTools.TestTypes.Unit.UnitTestAdapter, Microsoft.VisualStudio.QualityTools.Tips.UnitTest.Adapter, Version=10.0.0.0, Culture=neutral, PublicKeyToken=b03f5f7f11d50a3a" className="StressTests_Unit_Test_Project.StressTestCaseTest, Module 7 Unit Test Project, Version=1.0.0.0, Culture=neutral, PublicKeyToken=null" name="StressTestCaseConstructorTest" />
    </UnitTest>
  </TestDefinitions>
  <TestLists>
    <TestList name="Results Not in a List" id="8c84fa94-04c1-424b-9868-57a2d4851a1d" />
    <TestList name="All Loaded Results" id="19431567-8539-422a-85d7-44ee4e166bda" />
  </TestLists>
  <TestEntries>
    <TestEntry testId="5701310d-d264-40e2-ce25-5834e0e15b23" executionId="589dbdf2-9f6c-4611-8b9f-f820c95e0551" testListId="8c84fa94-04c1-424b-9868-57a2d4851a1d" />
    <TestEntry testId="70ae57c7-d038-7d7d-6df9-662a9e2eccf2" executionId="3a0ca2d5-1a80-4477-8067-81885f8e25a2" testListId="8c84fa94-04c1-424b-9868-57a2d4851a1d" />
    <TestEntry testId="73880309-9d43-4408-35a2-c1c47dccca49" executionId="ae15dace-19aa-4315-8d1e-13265f4166b9" testListId="8c84fa94-04c1-424b-9868-57a2d4851a1d" />
    <TestEntry testId="88dddc01-b6a3-92c3-1d4c-cc8c52876537" executionId="d728f1fa-f0e1-4e2c-bc74-1c80776c95ce" testListId="8c84fa94-04c1-424b-9868-57a2d4851a1d" />
    <TestEntry testId="b0bbc1cd-3a19-4e77-46f6-513c8c6c7a78" executionId="31e8f4fa-e782-4597-b568-28057f6ea05e" testListId="8c84fa94-04c1-424b-9868-57a2d4851a1d" />
    <TestEntry testId="dc2ceaab-ef7a-cc9d-2cca-25e168dab36d" executionId="9f32082b-b574-402b-8638-ae86e621ac73" testListId="8c84fa94-04c1-424b-9868-57a2d4851a1d" />
    <TestEntry testId="dc3c367e-afcc-bfbf-5de6-7f409a5f19b9" executionId="9d971c31-23a3-45de-8d14-7bcda48ed960" testListId="8c84fa94-04c1-424b-9868-57a2d4851a1d" />
    <TestEntry testId="e09a9013-a6fb-3b11-e1ee-b6cfc1f50662" executionId="45f4a54d-3780-4751-a8ac-9244df1c0179" testListId="8c84fa94-04c1-424b-9868-57a2d4851a1d" />
    <TestEntry testId="f70fc7f2-2889-1a4a-6c2b-231756f3c6d0" executionId="282cf70f-5bf0-4b0e-85a3-7bcce952cf0d" testListId="8c84fa94-04c1-424b-9868-57a2d4851a1d" />
  </TestEntries>
  <Results>
    <UnitTestResult executionId="589dbdf2-9f6c-4611-8b9f-f820c95e0551" testId="5701310d-d264-40e2-ce25-5834e0e15b23" testName="GetNumberOfTestsPerformedTest" computerName="10266A-GEN-DEV" duration="00:00:00.0080569" startTime="2022-06-16T01:20:00.9829452-07:00" endTime="2022-06-16T01:20:01.0825546-07:00" testType="13cdc9d9-ddb5-4fa4-a97d-d965ccfc6d4b" outcome="Passed" testListId="8c84fa94-04c1-424b-9868-57a2d4851a1d" relativeResultsDirectory="589dbdf2-9f6c-4611-8b9f-f820c95e0551">
    </UnitTestResult>
    <UnitTestResult executionId="3a0ca2d5-1a80-4477-8067-81885f8e25a2" testId="70ae57c7-d038-7d7d-6df9-662a9e2eccf2" testName="PerformStressTestTest" computerName="10266A-GEN-DEV" duration="00:00:00.0008187" startTime="2022-06-16T01:20:01.0825546-07:00" endTime="2022-06-16T01:20:01.0845077-07:00" testType="13cdc9d9-ddb5-4fa4-a97d-d965ccfc6d4b" outcome="Passed" testListId="8c84fa94-04c1-424b-9868-57a2d4851a1d" relativeResultsDirectory="3a0ca2d5-1a80-4477-8067-81885f8e25a2">
    </UnitTestResult>
    <UnitTestResult executionId="ae15dace-19aa-4315-8d1e-13265f4166b9" testId="73880309-9d43-4408-35a2-c1c47dccca49" testName="GetNumberOfFailuresTest" computerName="10266A-GEN-DEV" duration="00:00:00.0001159" startTime="2022-06-16T01:20:01.0854843-07:00" endTime="2022-06-16T01:20:01.0884140-07:00" testType="13cdc9d9-ddb5-4fa4-a97d-d965ccfc6d4b" outcome="Passed" testListId="8c84fa94-04c1-424b-9868-57a2d4851a1d" relativeResultsDirectory="ae15dace-19aa-4315-8d1e-13265f4166b9">
    </UnitTestResult>
    <UnitTestResult executionId="d728f1fa-f0e1-4e2c-bc74-1c80776c95ce" testId="88dddc01-b6a3-92c3-1d4c-cc8c52876537" testName="ToStringTest" computerName="10266A-GEN-DEV" duration="00:00:00.0002759" startTime="2022-06-16T01:20:01.0884140-07:00" endTime="2022-06-16T01:20:01.0903671-07:00" testType="13cdc9d9-ddb5-4fa4-a97d-d965ccfc6d4b" outcome="Passed" testListId="8c84fa94-04c1-424b-9868-57a2d4851a1d" relativeResultsDirectory="d728f1fa-f0e1-4e2c-bc74-1c80776c95ce">
    </UnitTestResult>
    <UnitTestResult executionId="31e8f4fa-e782-4597-b568-28057f6ea05e" testId="b0bbc1cd-3a19-4e77-46f6-513c8c6c7a78" testName="IncrementTestsTest" computerName="10266A-GEN-DEV" duration="00:00:00.0000893" startTime="2022-06-16T01:20:01.0903671-07:00" endTime="2022-06-16T01:20:01.0923202-07:00" testType="13cdc9d9-ddb5-4fa4-a97d-d965ccfc6d4b" outcome="Passed" testListId="8c84fa94-04c1-424b-9868-57a2d4851a1d" relativeResultsDirectory="31e8f4fa-e782-4597-b568-28057f6ea05e">
    </UnitTestResult>
    <UnitTestResult executionId="9f32082b-b574-402b-8638-ae86e621ac73" testId="dc2ceaab-ef7a-cc9d-2cca-25e168dab36d" testName="GetStressTestResultTest1" computerName="10266A-GEN-DEV" duration="00:00:00.0000861" startTime="2022-06-16T01:20:01.0923202-07:00" endTime="2022-06-16T01:20:01.0952499-07:00" testType="13cdc9d9-ddb5-4fa4-a97d-d965ccfc6d4b" outcome="Passed" testListId="8c84fa94-04c1-424b-9868-57a2d4851a1d" relativeResultsDirectory="9f32082b-b574-402b-8638-ae86e621ac73">
    </UnitTestResult>
    <UnitTestResult executionId="9d971c31-23a3-45de-8d14-7bcda48ed960" testId="dc3c367e-afcc-bfbf-5de6-7f409a5f19b9" testName="GetStressTestResultTest2" computerName="10266A-GEN-DEV" duration="00:00:00.0000997" startTime="2022-06-16T01:20:01.0952499-07:00" endTime="2022-06-16T01:20:01.0962265-07:00" testType="13cdc9d9-ddb5-4fa4-a97d-d965ccfc6d4b" outcome="Passed" testListId="8c84fa94-04c1-424b-9868-57a2d4851a1d" relativeResultsDirectory="9d971c31-23a3-45de-8d14-7bcda48ed960">
    </UnitTestResult>
    <UnitTestResult executionId="45f4a54d-3780-4751-a8ac-9244df1c0179" testId="e09a9013-a6fb-3b11-e1ee-b6cfc1f50662" testName="StressTestCaseConstructorTest" computerName="10266A-GEN-DEV" duration="00:00:00.0001065" startTime="2022-06-16T01:20:01.0962265-07:00" endTime="2022-06-16T01:20:01.0981796-07:00" testType="13cdc9d9-ddb5-4fa4-a97d-d965ccfc6d4b" outcome="Passed" testListId="8c84fa94-04c1-424b-9868-57a2d4851a1d" relativeResultsDirectory="45f4a54d-3780-4751-a8ac-9244df1c0179">
    </UnitTestResult>
    <UnitTestResult executionId="282cf70f-5bf0-4b0e-85a3-7bcce952cf0d" testId="f70fc7f2-2889-1a4a-6c2b-231756f3c6d0" testName="StressTestCaseConstructorTest1" computerName="10266A-GEN-DEV" duration="00:00:00.0000890" startTime="2022-06-16T01:20:01.0981796-07:00" endTime="2022-06-16T01:20:01.1001327-07:00" testType="13cdc9d9-ddb5-4fa4-a97d-d965ccfc6d4b" outcome="Passed" testListId="8c84fa94-04c1-424b-9868-57a2d4851a1d" relativeResultsDirectory="282cf70f-5bf0-4b0e-85a3-7bcce952cf0d">
    </UnitTestResult>
  </Results>
</TestRun>